<?xml version="1.0" encoding="UTF-8"?>
<!-- Generated by org.testng.reporters.JUnitXMLReporter -->
<testsuite ignored="0" hostname="LAPTOP-QBINBLAF" failures="0" tests="6" name="Default test" time="17.328" errors="0" timestamp="2026-06-21T22:42:59 IST">
  <testcase classname="com.tests.Part_B" name="CreateNode" time="4.08"/>
  <testcase classname="com.tests.Part_B" name="GetAllNode" time="2.767"/>
  <testcase classname="com.tests.Part_B" name="GetNodeById" time="2.973"/>
  <testcase classname="com.tests.Part_B" name="TogglePin" time="3.273"/>
  <testcase classname="com.tests.Part_B" name="UpdateNode" time="2.04"/>
  <testcase classname="com.tests.Part_B" name="deleteNote" time="2.042"/>
</testsuite> <!-- Default test -->
