<?xml version="1.0" encoding="UTF-8"?>
<!-- Generated by org.testng.reporters.JUnitXMLReporter -->
<testsuite ignored="0" hostname="LAPTOP-QBINBLAF" failures="0" tests="5" name="Default test" time="9.892" errors="0" timestamp="2026-06-18T09:17:13 IST">
  <testcase classname="com.tests.Part_A" name="GetAllCourse" time="4.963"/>
  <testcase classname="com.tests.Part_A" name="GetAllInstitution" time="1.244"/>
  <testcase classname="com.tests.Part_A" name="GetAllRoles" time="1.351"/>
  <testcase classname="com.tests.Part_A" name="HealthCheck" time="0.725"/>
  <testcase classname="com.tests.Part_A" name="InvalidLogin" time="1.425"/>
</testsuite> <!-- Default test -->
