<?xml version="1.0" encoding="UTF-8"?>
<testng-results ignored="0" total="3" passed="3" failed="0" skipped="0">
  <reporter-output>
  </reporter-output>
  <suite started-at="2026-06-18T15:18:32 IST" name="Default suite" finished-at="2026-06-18T15:18:52 IST" duration-ms="19962">
    <groups>
    </groups>
    <test started-at="2026-06-18T15:18:32 IST" name="Default test" finished-at="2026-06-18T15:18:52 IST" duration-ms="19962">
      <class name="tests.Calculator">
        <test-method is-config="true" signature="setup()[pri:0, instance:tests.Calculator@3c9754d8]" started-at="2026-06-18T15:18:32 IST" name="setup" finished-at="2026-06-18T15:18:37 IST" duration-ms="4850" status="PASS">
          <reporter-output>
          </reporter-output>
        </test-method> <!-- setup -->
        <test-method signature="additionTest()[pri:1, instance:tests.Calculator@3c9754d8]" started-at="2026-06-18T15:18:37 IST" name="additionTest" finished-at="2026-06-18T15:18:41 IST" duration-ms="4655" status="PASS">
          <reporter-output>
          </reporter-output>
        </test-method> <!-- additionTest -->
        <test-method signature="subtractionTest()[pri:2, instance:tests.Calculator@3c9754d8]" started-at="2026-06-18T15:18:41 IST" name="subtractionTest" finished-at="2026-06-18T15:18:45 IST" duration-ms="3722" status="PASS">
          <reporter-output>
          </reporter-output>
        </test-method> <!-- subtractionTest -->
        <test-method signature="multiplicationTest()[pri:3, instance:tests.Calculator@3c9754d8]" started-at="2026-06-18T15:18:45 IST" name="multiplicationTest" finished-at="2026-06-18T15:18:49 IST" duration-ms="3749" status="PASS">
          <reporter-output>
          </reporter-output>
        </test-method> <!-- multiplicationTest -->
        <test-method is-config="true" signature="tearDown()[pri:0, instance:tests.Calculator@3c9754d8]" started-at="2026-06-18T15:18:49 IST" name="tearDown" finished-at="2026-06-18T15:18:52 IST" duration-ms="2939" status="PASS">
          <reporter-output>
          </reporter-output>
        </test-method> <!-- tearDown -->
      </class> <!-- tests.Calculator -->
    </test> <!-- Default test -->
  </suite> <!-- Default suite -->
</testng-results>
