<?xml version="1.0" encoding="UTF-8"?>
<testng-results ignored="0" total="3" passed="3" failed="0" skipped="0">
  <reporter-output>
  </reporter-output>
  <suite started-at="2026-06-18T16:31:53 IST" name="Default suite" finished-at="2026-06-18T16:32:19 IST" duration-ms="26319">
    <groups>
    </groups>
    <test started-at="2026-06-18T16:31:53 IST" name="Default test" finished-at="2026-06-18T16:32:19 IST" duration-ms="26319">
      <class name="tests.Calculator">
        <test-method is-config="true" signature="setup()[pri:0, instance:tests.Calculator@30b6ffe0]" started-at="2026-06-18T16:31:53 IST" name="setup" finished-at="2026-06-18T16:32:01 IST" duration-ms="8115" status="PASS">
          <reporter-output>
          </reporter-output>
        </test-method> <!-- setup -->
        <test-method signature="additionTest()[pri:1, instance:tests.Calculator@30b6ffe0]" started-at="2026-06-18T16:32:01 IST" name="additionTest" finished-at="2026-06-18T16:32:07 IST" duration-ms="6122" status="PASS">
          <reporter-output>
          </reporter-output>
        </test-method> <!-- additionTest -->
        <test-method signature="subtractionTest()[pri:2, instance:tests.Calculator@30b6ffe0]" started-at="2026-06-18T16:32:07 IST" name="subtractionTest" finished-at="2026-06-18T16:32:12 IST" duration-ms="4358" status="PASS">
          <reporter-output>
          </reporter-output>
        </test-method> <!-- subtractionTest -->
        <test-method signature="multiplicationTest()[pri:3, instance:tests.Calculator@30b6ffe0]" started-at="2026-06-18T16:32:12 IST" name="multiplicationTest" finished-at="2026-06-18T16:32:16 IST" duration-ms="4185" status="PASS">
          <reporter-output>
          </reporter-output>
        </test-method> <!-- multiplicationTest -->
        <test-method is-config="true" signature="tearDown()[pri:0, instance:tests.Calculator@30b6ffe0]" started-at="2026-06-18T16:32:16 IST" name="tearDown" finished-at="2026-06-18T16:32:19 IST" duration-ms="3398" status="PASS">
          <reporter-output>
          </reporter-output>
        </test-method> <!-- tearDown -->
      </class> <!-- tests.Calculator -->
    </test> <!-- Default test -->
  </suite> <!-- Default suite -->
</testng-results>
