<?xml version="1.0" encoding="UTF-8"?>
<!-- Generated by org.testng.reporters.JUnitXMLReporter -->
<testsuite ignored="0" hostname="LAPTOP-QBINBLAF" failures="0" tests="3" name="Default test" time="26.319" errors="0" timestamp="2026-06-18T16:32:19 IST">
  <testcase classname="tests.Calculator" name="additionTest" time="6.122"/>
  <testcase classname="tests.Calculator" name="subtractionTest" time="4.358"/>
  <testcase classname="tests.Calculator" name="multiplicationTest" time="4.185"/>
</testsuite> <!-- Default test -->
