<?xml version="1.0" encoding="UTF-8"?>
<testng-results ignored="0" total="1" passed="1" failed="0" skipped="0">
  <reporter-output>
  </reporter-output>
  <suite started-at="2026-06-16T17:20:05 IST" name="Default suite" finished-at="2026-06-16T17:20:06 IST" duration-ms="1082">
    <groups>
    </groups>
    <test started-at="2026-06-16T17:20:05 IST" name="Default test" finished-at="2026-06-16T17:20:06 IST" duration-ms="1082">
      <class name="tests.GetOption">
        <test-method signature="getOption()[pri:0, instance:tests.GetOption@73a1e9a9]" started-at="2026-06-16T17:20:05 IST" name="getOption" finished-at="2026-06-16T17:20:06 IST" duration-ms="1041" status="PASS">
          <reporter-output>
          </reporter-output>
        </test-method> <!-- getOption -->
      </class> <!-- tests.GetOption -->
    </test> <!-- Default test -->
  </suite> <!-- Default suite -->
</testng-results>
