<?xml version="1.0" encoding="UTF-8"?>
<!-- Generated by org.testng.reporters.JUnitXMLReporter -->
<testsuite ignored="0" hostname="LAPTOP-QBINBLAF" failures="0" tests="3" name="Test" time="4.288" errors="0" timestamp="2026-06-18T07:32:17 IST">
  <testcase classname="com.tests.Part_A" name="GetAllInstitution" time="2.829"/>
  <testcase classname="com.tests.Part_A" name="HealthCheck" time="0.393"/>
  <testcase classname="com.tests.Part_A" name="InvalidLogin" time="0.974"/>
</testsuite> <!-- Test -->
