<?xml version="1.0" encoding="UTF-8"?>
<testng-results ignored="0" total="6" passed="6" failed="0" skipped="0">
  <reporter-output>
  </reporter-output>
  <suite started-at="2026-06-21T22:42:42 IST" name="Default suite" finished-at="2026-06-21T22:42:59 IST" duration-ms="17328">
    <groups>
    </groups>
    <test started-at="2026-06-21T22:42:42 IST" name="Default test" finished-at="2026-06-21T22:42:59 IST" duration-ms="17328">
      <class name="com.tests.Part_B">
        <test-method signature="CreateNode()[pri:0, instance:com.tests.Part_B@a8ef162]" started-at="2026-06-21T22:42:42 IST" name="CreateNode" finished-at="2026-06-21T22:42:46 IST" duration-ms="4080" status="PASS">
          <reporter-output>
          </reporter-output>
        </test-method> <!-- CreateNode -->
        <test-method signature="GetAllNode()[pri:0, instance:com.tests.Part_B@a8ef162]" started-at="2026-06-21T22:42:46 IST" name="GetAllNode" finished-at="2026-06-21T22:42:49 IST" duration-ms="2767" status="PASS">
          <reporter-output>
          </reporter-output>
        </test-method> <!-- GetAllNode -->
        <test-method signature="GetNodeById()[pri:0, instance:com.tests.Part_B@a8ef162]" started-at="2026-06-21T22:42:49 IST" name="GetNodeById" finished-at="2026-06-21T22:42:52 IST" duration-ms="2973" status="PASS">
          <reporter-output>
          </reporter-output>
        </test-method> <!-- GetNodeById -->
        <test-method signature="TogglePin()[pri:0, instance:com.tests.Part_B@a8ef162]" started-at="2026-06-21T22:42:52 IST" name="TogglePin" finished-at="2026-06-21T22:42:55 IST" duration-ms="3273" status="PASS">
          <reporter-output>
          </reporter-output>
        </test-method> <!-- TogglePin -->
        <test-method signature="UpdateNode()[pri:0, instance:com.tests.Part_B@a8ef162]" started-at="2026-06-21T22:42:55 IST" name="UpdateNode" finished-at="2026-06-21T22:42:57 IST" duration-ms="2040" status="PASS">
          <reporter-output>
          </reporter-output>
        </test-method> <!-- UpdateNode -->
        <test-method signature="deleteNote()[pri:0, instance:com.tests.Part_B@a8ef162]" started-at="2026-06-21T22:42:57 IST" name="deleteNote" finished-at="2026-06-21T22:42:59 IST" duration-ms="2042" status="PASS">
          <reporter-output>
          </reporter-output>
        </test-method> <!-- deleteNote -->
      </class> <!-- com.tests.Part_B -->
    </test> <!-- Default test -->
  </suite> <!-- Default suite -->
</testng-results>
