<?xml version="1.0" encoding="UTF-8"?>
<testng-results ignored="0" total="5" passed="5" failed="0" skipped="0">
  <reporter-output>
  </reporter-output>
  <suite started-at="2026-06-18T09:17:03 IST" name="Default suite" finished-at="2026-06-18T09:17:13 IST" duration-ms="9892">
    <groups>
    </groups>
    <test started-at="2026-06-18T09:17:03 IST" name="Default test" finished-at="2026-06-18T09:17:13 IST" duration-ms="9892">
      <class name="com.tests.Part_A">
        <test-method signature="GetAllCourse()[pri:0, instance:com.tests.Part_A@a8ef162]" started-at="2026-06-18T09:17:03 IST" name="GetAllCourse" finished-at="2026-06-18T09:17:08 IST" duration-ms="4963" status="PASS">
          <reporter-output>
          </reporter-output>
        </test-method> <!-- GetAllCourse -->
        <test-method signature="GetAllInstitution()[pri:0, instance:com.tests.Part_A@a8ef162]" started-at="2026-06-18T09:17:08 IST" name="GetAllInstitution" finished-at="2026-06-18T09:17:10 IST" duration-ms="1244" status="PASS">
          <reporter-output>
          </reporter-output>
        </test-method> <!-- GetAllInstitution -->
        <test-method signature="GetAllRoles()[pri:0, instance:com.tests.Part_A@a8ef162]" started-at="2026-06-18T09:17:10 IST" name="GetAllRoles" finished-at="2026-06-18T09:17:11 IST" duration-ms="1351" status="PASS">
          <reporter-output>
          </reporter-output>
        </test-method> <!-- GetAllRoles -->
        <test-method signature="HealthCheck()[pri:0, instance:com.tests.Part_A@a8ef162]" started-at="2026-06-18T09:17:11 IST" name="HealthCheck" finished-at="2026-06-18T09:17:12 IST" duration-ms="725" status="PASS">
          <reporter-output>
          </reporter-output>
        </test-method> <!-- HealthCheck -->
        <test-method signature="InvalidLogin()[pri:0, instance:com.tests.Part_A@a8ef162]" started-at="2026-06-18T09:17:12 IST" name="InvalidLogin" finished-at="2026-06-18T09:17:13 IST" duration-ms="1425" status="PASS">
          <reporter-output>
          </reporter-output>
        </test-method> <!-- InvalidLogin -->
      </class> <!-- com.tests.Part_A -->
    </test> <!-- Default test -->
  </suite> <!-- Default suite -->
</testng-results>
