<?xml version="1.0" encoding="UTF-8"?>
<!-- Generated by org.testng.reporters.JUnitReportReporter -->
<testsuite hostname="LAPTOP-QBINBLAF" failures="0" tests="3" name="com.tests.Part_A" time="4.424" errors="0" timestamp="2026-06-18T07:33:11 IST" skipped="0">
  <testcase classname="com.tests.Part_A" name="InvalidLogin" time="1.189"/>
  <testcase classname="com.tests.Part_A" name="GetAllInstitution" time="2.549"/>
  <testcase classname="com.tests.Part_A" name="HealthCheck" time="0.686"/>
</testsuite> <!-- com.tests.Part_A -->
