<?xml version="1.0" encoding="UTF-8"?>
<!-- Generated by org.testng.reporters.JUnitReportReporter -->
<testsuite hostname="LAPTOP-QBINBLAF" failures="0" tests="6" name="com.tests.Part_B" time="17.175" errors="0" timestamp="2026-06-21T22:42:59 IST" skipped="0">
  <testcase classname="com.tests.Part_B" name="deleteNote" time="2.042"/>
  <testcase classname="com.tests.Part_B" name="GetAllNode" time="2.767"/>
  <testcase classname="com.tests.Part_B" name="TogglePin" time="3.273"/>
  <testcase classname="com.tests.Part_B" name="UpdateNode" time="2.040"/>
  <testcase classname="com.tests.Part_B" name="GetNodeById" time="2.973"/>
  <testcase classname="com.tests.Part_B" name="CreateNode" time="4.080"/>
</testsuite> <!-- com.tests.Part_B -->
