<?xml version="1.0" encoding="UTF-8"?>
<testng-results ignored="0" total="1" passed="1" failed="0" skipped="0">
  <reporter-output>
  </reporter-output>
  <suite started-at="2026-06-16T08:06:51 IST" name="Default suite" finished-at="2026-06-16T08:06:52 IST" duration-ms="1598">
    <groups>
    </groups>
    <test started-at="2026-06-16T08:06:51 IST" name="Default test" finished-at="2026-06-16T08:06:52 IST" duration-ms="1598">
      <class name="com.tests.Get4">
        <test-method signature="getpractice4()[pri:0, instance:com.tests.Get4@73a1e9a9]" started-at="2026-06-16T08:06:51 IST" name="getpractice4" finished-at="2026-06-16T08:06:52 IST" duration-ms="1564" status="PASS">
          <reporter-output>
          </reporter-output>
        </test-method> <!-- getpractice4 -->
      </class> <!-- com.tests.Get4 -->
    </test> <!-- Default test -->
  </suite> <!-- Default suite -->
</testng-results>
