<?xml version="1.0" encoding="UTF-8"?>
<!-- Generated by org.testng.reporters.JUnitReportReporter -->
<testsuite hostname="LAPTOP-QBINBLAF" failures="0" tests="3" name="tests.Calculator" time="14.665" errors="0" timestamp="2026-06-18T16:32:20 IST" skipped="0">
  <testcase classname="tests.Calculator" name="additionTest" time="6.122"/>
  <testcase classname="tests.Calculator" name="subtractionTest" time="4.358"/>
  <testcase classname="tests.Calculator" name="multiplicationTest" time="4.185"/>
</testsuite> <!-- tests.Calculator -->
