<?xml version="1.0" encoding="UTF-8"?>
<!-- Generated by org.testng.reporters.JUnitReportReporter -->
<testsuite hostname="LAPTOP-QBINBLAF" failures="0" tests="3" name="tests.Calculator" time="12.126" errors="0" timestamp="2026-06-18T15:18:52 IST" skipped="0">
  <testcase classname="tests.Calculator" name="additionTest" time="4.655"/>
  <testcase classname="tests.Calculator" name="subtractionTest" time="3.722"/>
  <testcase classname="tests.Calculator" name="multiplicationTest" time="3.749"/>
</testsuite> <!-- tests.Calculator -->
